<?xml version="1.0" encoding="UTF-8"?>
<testng-results ignored="0" total="1" passed="1" failed="0" skipped="0">
  <reporter-output>
  </reporter-output>
  <suite started-at="2026-02-11T01:19:04 CAT" name="Default suite" finished-at="2026-02-11T01:19:23 CAT" duration-ms="18595">
    <groups>
    </groups>
    <test started-at="2026-02-11T01:19:04 CAT" name="Default test" finished-at="2026-02-11T01:19:23 CAT" duration-ms="18595">
      <class name="tests.LoginTest">
        <test-method is-config="true" signature="setup()[pri:0, instance:tests.LoginTest@202b0582]" started-at="2026-02-11T01:19:04 CAT" name="setup" finished-at="2026-02-11T01:19:16 CAT" duration-ms="12036" status="PASS">
          <reporter-output>
          </reporter-output>
        </test-method> <!-- setup -->
        <test-method signature="testValideLogin()[pri:0, instance:tests.LoginTest@202b0582]" started-at="2026-02-11T01:19:16 CAT" name="testValideLogin" finished-at="2026-02-11T01:19:23 CAT" duration-ms="6365" status="PASS">
          <reporter-output>
          </reporter-output>
        </test-method> <!-- testValideLogin -->
        <test-method is-config="true" signature="teardown()[pri:0, instance:tests.LoginTest@202b0582]" started-at="2026-02-11T01:19:23 CAT" name="teardown" finished-at="2026-02-11T01:19:23 CAT" duration-ms="2" status="PASS">
          <reporter-output>
          </reporter-output>
        </test-method> <!-- teardown -->
      </class> <!-- tests.LoginTest -->
    </test> <!-- Default test -->
  </suite> <!-- Default suite -->
</testng-results>
